Image path: /home/wmh/work/seqbuff/usb-cam/
In 670 images, find 87 available.
Cam Matrix:  [[ 871.22721289    0.          303.19729988]
 [   0.          871.68298079  217.70606168]
 [   0.            0.            1.        ]]
fx = 871.227212893
fy = 871.682980792
cx = 303.197299884
cy = 217.706061679
Distortion Factor:  [[ -1.82258150e-02   2.03730350e+00   5.81477619e-04  -7.45854020e-03
   -8.98119858e+00]]
k1 = [-0.01822582]
k2 = [ 2.0373035]
p1 = [ 0.00058148]
p2 = [-0.00745854]
k3 = [-8.98119858]

# After removing some blurred images

Image path: /home/wmh/work/seqbuff/usb-cam/
In 36 images, find 36 available.
Cam Matrix:  [[ 834.17750307    0.          303.05006563]
 [   0.          834.36898129  221.0928667 ]
 [   0.            0.            1.        ]]
fx = 834.177503067
fy = 834.368981293
cx = 303.050065631
cy = 221.092866703
Distortion Factor:  [[ -2.65319426e-02   1.48866339e+00  -4.64818071e-05  -7.87324426e-03
   -6.64536422e+00]]
k1 = [-0.02653194]
k2 = [ 1.48866339]
p1 = [ -4.64818071e-05]
p2 = [-0.00787324]
k3 = [-6.64536422]

# After removing more blurred images
Image path: /home/wmh/work/seqbuff/usb-cam/
In 22 images, find 22 available.
Cam Matrix:  [[ 819.32669702    0.          300.18085134]
 [   0.          819.46001139  222.38949976]
 [   0.            0.            1.        ]]
fx = 819.326697021
fy = 819.460011391
cx = 300.180851336
cy = 222.389499757
Distortion Factor:  [[ -2.34978364e-02   1.41117682e+00  -1.82772462e-04  -9.37133532e-03
   -6.20157322e+00]]
k1 = [-0.02349784]
k2 = [ 1.41117682]
p1 = [-0.00018277]
p2 = [-0.00937134]
k3 = [-6.20157322]

#With another board and another pose
Image path: /home/wmh/work/seqbuff/usb-cam/
In 914 images, find 77 available.
Cam Matrix:  [[ 789.37616754    0.          320.33955157]
 [   0.          785.21056684  223.03791495]
 [   0.            0.            1.        ]]
fx = 789.37616754
fy = 785.210566836
cx = 320.339551568
cy = 223.037914952
Distortion Factor:  [[ 0.07109243 -0.22109192  0.0024762   0.00225617  1.0691253 ]]
k1 = [ 0.07109243]
k2 = [-0.22109192]
p1 = [ 0.0024762]
p2 = [ 0.00225617]
k3 = [ 1.0691253]

# After removing some blurred images

Image path: /home/wmh/work/seqbuff/usb-cam/
In 14 images, find 14 available.
Cam Matrix:  [[ 811.61205003    0.          322.27146114]
 [   0.          810.64085772  230.3573038 ]
 [   0.            0.            1.        ]]
fx = 811.612050031
fy = 810.640857724
cx = 322.271461143
cy = 230.357303798
Distortion Factor:  [[  1.07845289e-01  -9.90435331e-01   2.76100090e-03   1.13479246e-03
    5.13431116e+00]]
k1 = [ 0.10784529]
k2 = [-0.99043533]
p1 = [ 0.002761]
p2 = [ 0.00113479]
k3 = [ 5.13431116]


# New pose and blurred images are removed
Image path: /home/wmh/work/seqbuff/usb-cam/
In 61 images, find 61 available.
Cam Matrix:  [[ 815.96988715    0.          324.79946381]
 [   0.          814.70330559  224.67219519]
 [   0.            0.            1.        ]]
fx = 815.969887155
fy = 814.703305587
cx = 324.799463807
cy = 224.672195189
Distortion Factor:  [[ -3.60553922e-02   1.21391657e+00  -1.02616081e-03   1.87648343e-03
   -3.84414359e+00]]
k1 = [-0.03605539]
k2 = [ 1.21391657]
p1 = [-0.00102616]
p2 = [ 0.00187648]
k3 = [-3.84414359]