#########--- FINAL Cam Parameter ---#########
In 1567 images, find 35 available.
Cam Matrix:  [[ 333.64910826    0.          176.27905241]
 [   0.          334.58871266  121.8646459 ]
 [   0.            0.            1.        ]]
fx = 333.649108262
fy = 334.588712659
cx = 176.279052415
cy = 121.864645899
Distortion Factor:  [[ 0.17643233 -0.33215611  0.01037944  0.00914632  0.49639301]]
k1 = [ 0.17643233]
k2 = [-0.33215611]
p1 = [ 0.01037944]
p2 = [ 0.00914632]
k3 = [ 0.49639301]

###########-----------------############


#Keep cozmo static, move the chess board"
In 1750 pics Find:  95
Cam Matrix:  [[ 308.77065131    0.          165.7615081 ]
 [   0.          311.36500772   95.69003582]
 [   0.            0.            1.        ]]
fx = 308.770651313
fy = 311.365007717
cx = 165.761508102
cy = 95.6900358206
Distortion Factor:  [[ 0.11234144 -0.09619845 -0.02691886 -0.00897352  2.32459487]]
k1 = [ 0.11234144]
k2 = [-0.09619845]
p1 = [-0.02691886]
p2 = [-0.00897352]
k3 = [ 2.32459487]

In 1567 images, find 35 available.
Cam Matrix:  [[ 333.64910826    0.          176.27905241]
 [   0.          334.58871266  121.8646459 ]
 [   0.            0.            1.        ]]
fx = 333.649108262
fy = 334.588712659
cx = 176.279052415
cy = 121.864645899
Distortion Factor:  [[ 0.17643233 -0.33215611  0.01037944  0.00914632  0.49639301]]
k1 = [ 0.17643233]
k2 = [-0.33215611]
p1 = [ 0.01037944]
p2 = [ 0.00914632]
k3 = [ 0.49639301]


In 1503 images, find 50 available.
Cam Matrix:  [[ 301.49190908    0.          159.59259427]
 [   0.          302.87090071  111.14330897]
 [   0.            0.            1.        ]]
fx = 301.491909081
fy = 302.870900709
cx = 159.592594271
cy = 111.14330897
Distortion Factor:  [[  1.71299582e-01  -2.88911064e+00  -1.18635504e-02  -1.64418694e-02
    1.86968849e+01]]
k1 = [ 0.17129958]
k2 = [-2.88911064]
p1 = [-0.01186355]
p2 = [-0.01644187]
k3 = [ 18.69688495]

In 1674 images, find 80 available.
Cam Matrix:  [[ 394.53002305    0.          210.51484091]
 [   0.          394.27355592  109.77124938]
 [   0.            0.            1.        ]]
fx = 394.530023051
fy = 394.273555919
cx = 210.514840907
cy = 109.771249381
Distortion Factor:  [[  5.08955308e-02   1.35701621e+00   2.95254700e-03   3.11335666e-02
   -3.65210222e+00]]
k1 = [ 0.05089553]
k2 = [ 1.35701621]
p1 = [ 0.00295255]
p2 = [ 0.03113357]
k3 = [-3.65210222]


In 1386 images, find 12 available.
Cam Matrix:  [[ 433.67967052    0.          177.58721476]
 [   0.          441.09561549  156.17404801]
 [   0.            0.            1.        ]]
fx = 433.679670516
fy = 441.095615486
cx = 177.587214763
cy = 156.174048011
Distortion Factor:  [[  8.69064832e-01  -1.03533475e+01   6.91014639e-02  -4.96897879e-03
    5.15016130e+01]]
k1 = [ 0.86906483]
k2 = [-10.3533475]
p1 = [ 0.06910146]
p2 = [-0.00496898]
k3 = [ 51.50161301]

#New Chess board in sunshine
In 55 images, find 55 available.
Cam Matrix:  [[ 355.42854951    0.          175.16539524]
 [   0.          358.8289462   100.34725473]
 [   0.            0.            1.        ]]
fx = 355.428549514
fy = 358.828946203
cx = 175.165395241
cy = 100.347254726
Distortion Factor:  [[ 0.12052865 -0.11276965 -0.00959633 -0.00419493  0.4282711 ]]
k1 = [ 0.12052865]
k2 = [-0.11276965]
p1 = [-0.00959633]
p2 = [-0.00419493]
k3 = [ 0.4282711]


# a Part of above
Image path: /home/wmh/work/seqbuff/
In 24 images, find 24 available.
Cam Matrix:  [[ 392.73586891    0.          154.58613036]
 [   0.          397.64848283  113.25186427]
 [   0.            0.            1.        ]]
fx = 392.735868912
fy = 397.648482832
cx = 154.586130364
cy = 113.251864272
Distortion Factor:  [[ 0.35048424 -2.52434617  0.01246549 -0.02479132  7.75459837]]
k1 = [ 0.35048424]
k2 = [-2.52434617]
p1 = [ 0.01246549]
p2 = [-0.02479132]
k3 = [ 7.75459837]

# Another part of above
Image path: /home/wmh/work/seqbuff/usb-cam/
In 31 images, find 31 available.
Cam Matrix:  [[ 358.71804647    0.          165.41812863]
 [   0.          361.76960868   96.92168082]
 [   0.            0.            1.        ]]
fx = 358.718046466
fy = 361.769608677
cx = 165.418128635
cy = 96.9216808161
Distortion Factor:  [[ 0.0514144   0.7155539  -0.02004717 -0.01930887 -1.92992379]]
k1 = [ 0.0514144]
k2 = [ 0.7155539]
p1 = [-0.02004717]
p2 = [-0.01930887]
k3 = [-1.92992379]

# Chess board on castboard
Image path: /home/wmh/work/seqbuff/
In 39 images, find 39 available.
Cam Matrix:  [[ 291.72205545    0.          177.42428153]
 [   0.          290.90367029  107.92413913]
 [   0.            0.            1.        ]]
fx = 291.722055454
fy = 290.903670292
cx = 177.424281528
cy = 107.924139129
Distortion Factor:  [[-0.02675264  0.36092409 -0.00482197  0.0038212  -0.76750585]]
k1 = [-0.02675264]
k2 = [ 0.36092409]
p1 = [-0.00482197]
p2 = [ 0.0038212]
k3 = [-0.76750585]


# One part of above
Image path: /home/wmh/work/seqbuff/
In 19 images, find 19 available.
Cam Matrix:  [[ 295.72296653    0.          177.99387647]
 [   0.          294.96486535  108.44320978]
 [   0.            0.            1.        ]]
fx = 295.722966526
fy = 294.964865354
cx = 177.993876467
cy = 108.443209782
Distortion Factor:  [[-0.01816618  0.32805776 -0.00403777  0.0048303  -0.63363167]]
k1 = [-0.01816618]
k2 = [ 0.32805776]
p1 = [-0.00403777]
p2 = [ 0.0048303]
k3 = [-0.63363167]

#Another part
Image path: /home/wmh/work/seqbuff/usb-cam/
In 20 images, find 20 available.
Cam Matrix:  [[ 286.94186254    0.          177.80583655]
 [   0.          286.25019237  109.34019582]
 [   0.            0.            1.        ]]
fx = 286.941862537
fy = 286.250192365
cx = 177.805836554
cy = 109.340195815
Distortion Factor:  [[-0.08759133  0.91298871 -0.0040598   0.00370813 -2.22535822]]
k1 = [-0.08759133]
k2 = [ 0.91298871]
p1 = [-0.0040598]
p2 = [ 0.00370813]
k3 = [-2.22535822]

# Very bright with castboard
Image path: /home/wmh/work/seqbuff/
In 52 images, find 52 available.
Cam Matrix:  [[ 293.89560599    0.          172.4533037 ]
 [   0.          294.70412708   99.70114968]
 [   0.            0.            1.        ]]
fx = 293.895605987
fy = 294.704127085
cx = 172.453303697
cy = 99.701149676
Distortion Factor:  [[-0.01343292  0.23558234 -0.01225543  0.00093101 -0.39427549]]
k1 = [-0.01343292]
k2 = [ 0.23558234]
p1 = [-0.01225543]
p2 = [ 0.00093101]
k3 = [-0.39427549]

# One part of above
Image path: /home/wmh/work/seqbuff/
In 35 images, find 35 available.
Cam Matrix:  [[ 293.28372646    0.          172.93952412]
 [   0.          294.00385984  104.08984322]
 [   0.            0.            1.        ]]
fx = 293.283726459
fy = 294.003859843
cx = 172.939524118
cy = 104.089843217
Distortion Factor:  [[-0.03035581  0.39172311 -0.00748607  0.00119225 -0.65724465]]
k1 = [-0.03035581]
k2 = [ 0.39172311]
p1 = [-0.00748607]
p2 = [ 0.00119225]
k3 = [-0.65724465]


# Another part

Image path: /home/wmh/work/seqbuff/usb-cam/
In 17 images, find 17 available.
Cam Matrix:  [[ 309.4448027     0.          174.25969195]
 [   0.          308.24081187   83.7562714 ]
 [   0.            0.            1.        ]]
fx = 309.444802703
fy = 308.240811873
cx = 174.259691947
cy = 83.7562713989
Distortion Factor:  [[ -2.19604962e-05   1.60146424e-01  -2.06166714e-02   2.97553082e-03
   -2.08226425e-01]]
k1 = [ -2.19604962e-05]
k2 = [ 0.16014642]
p1 = [-0.02061667]
p2 = [ 0.00297553]
k3 = [-0.20822643]

