In 839 images, find 73 available.
Cam Matrix:  [[ 512.87474068    0.          354.03306117]
 [   0.          513.46043201  211.63304709]
 [   0.            0.            1.        ]]
fx = 512.874740684
fy = 513.460432006
cx = 354.033061169
cy = 211.63304709
Distortion Factor:  [[ 0.18305486 -0.14066922 -0.01643413 -0.01401002  0.1088045 ]]
k1 = [ 0.18305486]
k2 = [-0.14066922]
p1 = [-0.01643413]
p2 = [-0.01401002]
k3 = [ 0.1088045]

-----------------------------------------------------------
Divide the sequence of available into several sequence：

Image path: /home/wmh/work/seqbuff/usb-cam/1/
In 15 images, find 15 available.
Cam Matrix:  [[ 535.33168344    0.          343.78918312]
 [   0.          535.89036498  198.14249419]
 [   0.            0.            1.        ]]
fx = 535.331683438
fy = 535.890364979
cx = 343.789183123
cy = 198.142494191
Distortion Factor:  [[ 0.16403144  0.16361806 -0.02255238 -0.01768265 -0.62095541]]
k1 = [ 0.16403144]
k2 = [ 0.16361806]
p1 = [-0.02255238]
p2 = [-0.01768265]
k3 = [-0.62095541]

Image path: /home/wmh/work/seqbuff/usb-cam/2/
In 15 images, find 15 available.
Cam Matrix:  [[ 460.84630795    0.          360.86922365]
 [   0.          462.72100193  228.06092556]
 [   0.            0.            1.        ]]
fx = 460.846307946
fy = 462.721001925
cx = 360.869223654
cy = 228.060925565
Distortion Factor:  [[ 0.24477355 -1.43770602 -0.01007087 -0.00864949  4.9027739 ]]
k1 = [ 0.24477355]
k2 = [-1.43770602]
p1 = [-0.01007087]
p2 = [-0.00864949]
k3 = [ 4.9027739]

Image path: /home/wmh/work/seqbuff/usb-cam/3/
In 16 images, find 16 available.
Cam Matrix:  [[ 598.57679662    0.          339.68614682]
 [   0.          597.1189091   158.53668635]
 [   0.            0.            1.        ]]
fx = 598.576796621
fy = 597.118909096
cx = 339.686146822
cy = 158.536686352
Distortion Factor:  [[ 0.15075547  0.68077606 -0.04062152 -0.02100207 -2.21091126]]
k1 = [ 0.15075547]
k2 = [ 0.68077606]
p1 = [-0.04062152]
p2 = [-0.02100207]
k3 = [-2.21091126]

Image path: /home/wmh/work/seqbuff/usb-cam/4/
In 14 images, find 14 available.
Cam Matrix:  [[ 626.45212201    0.          324.19414688]
 [   0.          623.32096926  168.73596875]
 [   0.            0.            1.        ]]
fx = 626.452122011
fy = 623.320969264
cx = 324.194146878
cy = 168.735968751
Distortion Factor:  [[ 0.1563013   0.73484406 -0.03349423 -0.0306477  -2.27653094]]
k1 = [ 0.1563013]
k2 = [ 0.73484406]
p1 = [-0.03349423]
p2 = [-0.0306477]
k3 = [-2.27653094]

Image path: /home/wmh/work/seqbuff/usb-cam/5/
In 13 images, find 13 available.
Cam Matrix:  [[ 504.57594813    0.          345.62227782]
 [   0.          505.12724783  207.25246544]
 [   0.            0.            1.        ]]
fx = 504.575948126
fy = 505.12724783
cx = 345.62227782
cy = 207.252465438
Distortion Factor:  [[ 0.18694723 -0.15691487 -0.02056171 -0.02257137 -0.06168453]]
k1 = [ 0.18694723]
k2 = [-0.15691487]
p1 = [-0.02056171]
p2 = [-0.02257137]
k3 = [-0.06168453]